<?xml version="1.0" encoding="UTF-8"?>
<!-- Generated by org.testng.reporters.JUnitReportReporter -->
<testsuite hostname="DESKTOP-CJORDV5" failures="0" tests="1" name="tests.UserMenuDropDownTest" time="13.771" errors="0" timestamp="2023-02-20T15:03:01 EST" skipped="0">
  <testcase classname="tests.UserMenuDropDownTest" name="logOutTest" time="13.771"/>
  <system-out/>
</testsuite> <!-- tests.UserMenuDropDownTest -->
