<?xml version="1.0" encoding="UTF-8"?>
<!-- Generated by org.testng.reporters.JUnitReportReporter -->
<testsuite hostname="DESKTOP-CJORDV5" failures="0" tests="5" name="tests.LogInTest" time="57.004" errors="0" timestamp="2023-02-28T20:24:41 EST" skipped="0">
  <testcase classname="tests.LogInTest" name="forgetPasswordTest" time="6.771"/>
  <system-out/>
  <testcase classname="tests.LogInTest" name="LogInErrorWithInvalidInputs" time="7.052"/>
  <system-out/>
  <testcase classname="tests.LogInTest" name="checkRememberMe" time="21.714"/>
  <system-out/>
  <testcase classname="tests.LogInTest" name="error_logIn" time="9.892"/>
  <system-out/>
  <testcase classname="tests.LogInTest" name="logIn_to_Salesforce" time="11.575"/>
  <system-out/>
</testsuite> <!-- tests.LogInTest -->
