<?xml version="1.0" encoding="UTF-8"?>
<!-- Generated by org.testng.reporters.JUnitReportReporter -->
<testsuite hostname="DESKTOP-CJORDV5" failures="0" tests="1" name="tests.CreateAccountTest" time="19.764" errors="0" timestamp="2023-02-20T20:08:06 EST" skipped="0">
  <testcase classname="tests.CreateAccountTest" name="mergeAccountTest" time="19.764"/>
  <system-out/>
</testsuite> <!-- tests.CreateAccountTest -->
